2024-04-12 16:20:09,877 - root - INFO - #############
2024-04-12 17:13:31,686 - root - INFO - #############
2024-04-12 17:15:34,910 - root - INFO - #############
2024-04-12 17:17:12,458 - root - INFO - #############Testing has started
2024-04-15 16:29:26,570 - root - INFO - #############Testing has started
2024-04-15 16:33:43,054 - root - INFO - #############Testing has started###########
2024-04-15 16:37:59,899 - root - INFO - #############Testing has started###########
2024-04-15 16:40:32,469 - root - INFO - #############Testing has started###########
2024-04-15 16:41:46,666 - root - INFO - #############Testing has started###########
2024-04-15 16:43:33,702 - root - INFO - #############Testing has started###########
2024-04-15 16:44:48,681 - root - INFO - #############Testing has started###########
2024-04-15 16:45:47,914 - root - INFO - #############Testing has started###########
2024-04-15 16:51:48,157 - root - INFO - #############Testing has started###########
2024-04-15 16:53:26,204 - root - INFO - #############Testing has started###########
2024-04-15 16:58:47,285 - root - INFO - #############Testing has started###########
2024-04-15 17:00:24,203 - root - INFO - #############Testing has started###########
2024-04-15 17:02:22,504 - root - INFO - #############Testing has started###########
2024-04-15 17:03:40,738 - root - INFO - #############Testing has started###########
2024-04-15 17:04:45,282 - root - INFO - #############Testing has started###########
2024-04-15 17:06:32,201 - root - INFO - #############Testing has started###########
2024-04-15 17:08:54,970 - root - INFO - #############Testing has started###########
2024-04-15 17:11:12,601 - root - INFO - #############Testing has started###########
2024-04-15 17:12:44,909 - root - INFO - #############Testing has started###########
2024-04-15 19:21:15,564 - root - INFO - #############Testing has started###########
2024-04-15 19:22:35,682 - root - INFO - #############Testing has started###########
2024-04-15 22:19:17,664 - root - INFO - #############Testing has started###########
2024-04-15 22:20:28,248 - root - INFO - #############Testing has started###########
2024-04-15 22:22:09,905 - root - INFO - #############Testing has started###########
2024-04-15 22:24:57,125 - root - INFO - #############Testing has started###########
2024-04-15 22:26:19,320 - root - INFO - #############Testing has started###########
2024-04-15 22:30:59,806 - root - INFO - #############Testing has started###########
2024-04-15 22:32:33,228 - root - INFO - #############Testing has started###########
2024-04-15 22:34:08,809 - root - INFO - #############Testing has started###########
2024-04-15 22:37:47,291 - root - INFO - #############Testing has started###########
2024-04-15 22:38:34,509 - root - INFO - #############Testing has started###########
2024-04-15 22:40:20,332 - root - INFO - #############Testing has started###########
2024-04-15 22:42:54,382 - root - INFO - #############Testing has started###########
2024-04-15 22:47:03,988 - root - INFO - #############Testing has started###########
2024-04-15 22:48:47,652 - root - INFO - #############Testing has started###########
2024-04-15 22:49:44,441 - root - INFO - #############Testing has started###########
2024-04-15 22:55:44,282 - root - INFO - #############Testing has started###########
2024-04-15 22:57:04,146 - root - INFO - #############Testing has started###########
2024-04-15 22:57:58,404 - root - INFO - #############Testing has started###########
2024-04-15 23:01:27,730 - root - INFO - #############Testing has started###########
2024-04-15 23:03:51,274 - root - INFO - #############Testing has started###########
2024-04-15 23:09:13,254 - root - INFO - #############Testing has started###########
2024-04-16 13:18:26,327 - root - INFO - #############Testing has started###########
2024-04-16 13:19:27,522 - root - INFO - #############Testing has started###########
2024-04-16 13:26:38,926 - root - INFO - #############Testing has started###########
2024-04-16 13:29:05,424 - root - INFO - #############Testing has started###########
2024-04-16 13:31:39,719 - root - INFO - #############Testing has started###########
2024-04-16 13:32:33,150 - root - INFO - #############Testing has started###########
2024-04-16 16:21:55,488 - root - INFO - #############Testing has started###########
2024-04-16 16:22:08,031 - root - INFO - #############Testing has finished###########
2024-04-16 16:50:01,229 - root - INFO - #############Testing has finished###########
2024-04-16 16:56:53,530 - root - INFO - #############Testing has finished###########
2024-04-16 16:58:14,089 - root - INFO - #############Testing has finished###########
2024-04-16 16:59:32,754 - root - INFO - #############Testing has finished###########
2024-04-16 17:01:05,868 - root - INFO - #############Testing has finished###########
2024-04-16 17:03:49,413 - root - INFO - #############Testing has started###########
2024-04-16 17:04:09,946 - root - INFO - #############Testing has started###########
2024-04-16 18:11:29,980 - root - INFO - #############Testing has started###########
2024-04-16 18:11:49,548 - root - INFO - #############Testing has started###########
2024-04-16 18:15:17,544 - root - INFO - #############Testing has started###########
2024-04-16 18:18:35,806 - root - INFO - #############Testing has started###########
2024-04-16 18:18:50,216 - root - INFO - #############Testing has Finished###########
2024-04-16 18:20:24,016 - root - INFO - #############Testing has finished###########
2024-04-16 18:21:50,565 - root - INFO - #############Testing has started###########
2024-04-16 18:22:08,765 - root - INFO - #############Testing has started###########
2024-04-16 18:22:12,410 - root - INFO - #############Testing has started###########
2024-04-16 18:22:27,867 - root - INFO - #############Testing has Finished###########
2024-04-16 18:22:45,228 - root - INFO - #############Testing has started###########
2024-04-16 18:23:26,375 - root - INFO - #############Testing has started###########
2024-04-16 18:23:41,766 - root - INFO - #############Testing has Finished###########
2024-04-18 22:28:41,450 - root - INFO - #############Testing has started###########
2024-04-18 22:29:53,966 - root - INFO - #############Testing has started###########
2024-04-18 22:29:57,395 - root - INFO - #############Testing has started###########
2024-04-18 22:30:42,351 - root - INFO - #############Testing has Finished###########
2024-04-18 22:31:44,723 - root - INFO - #############Testing has started###########
2024-04-18 22:34:54,355 - root - INFO - #############Testing has started###########
2024-04-18 22:37:24,182 - root - INFO - #############Testing has finished###########
2024-04-18 22:39:54,200 - root - INFO - #############Testing has finished###########
2024-04-18 22:46:40,587 - root - INFO - #############Testing has started###########
2024-04-18 22:48:13,058 - root - INFO - #############Testing has finished###########
2024-04-18 22:52:50,482 - root - INFO - #############Testing has finished###########
2024-04-18 22:59:16,070 - root - INFO - #############Testing has started###########
2024-04-18 23:00:41,825 - root - INFO - #############Testing has started###########
2024-04-18 23:01:14,824 - root - INFO - #############Testing has Finished###########
2024-04-18 23:02:05,973 - root - INFO - #############Testing has started###########
2024-04-18 23:02:42,609 - root - INFO - #############Testing has started###########
2024-04-18 23:02:47,929 - root - INFO - #############Testing has started###########
2024-04-18 23:03:24,166 - root - INFO - #############Testing has Finished###########
2024-04-18 23:11:28,647 - root - INFO - #############Testing has started###########
2024-04-18 23:12:58,251 - root - INFO - #############Testing has started###########
2024-04-18 23:13:00,871 - root - INFO - #############Testing has started###########
2024-04-18 23:13:34,049 - root - INFO - #############Testing has Finished###########
2024-05-03 09:55:36,721 - root - INFO - #############Testing has started###########
2024-05-03 09:56:38,100 - root - INFO - #############Testing has finished###########
2024-05-03 09:57:22,877 - root - INFO - #############Testing has started###########
2024-05-03 09:58:21,261 - root - INFO - #############Testing has finished###########
2024-05-03 09:58:47,330 - root - INFO - #############Testing has started###########
2024-05-03 09:59:21,297 - root - INFO - #############Testing has started###########
2024-05-03 09:59:23,707 - root - INFO - #############Testing has started###########
2024-05-03 09:59:54,634 - root - INFO - #############Testing has Finished###########
2024-05-03 10:01:14,435 - root - INFO - #############Testing has finished###########
2024-05-03 10:02:26,228 - root - INFO - #############Testing has started###########
2024-05-03 10:03:22,151 - root - INFO - #############Testing has finished###########
2024-05-03 21:14:19,218 - root - INFO - #############Testing has started###########
2024-05-03 21:16:10,223 - root - INFO - #############Testing has started###########
2024-05-03 21:18:11,546 - root - INFO - #############Testing has started###########
2024-05-03 21:18:59,606 - root - INFO - #############Testing has started###########
2024-05-03 21:19:05,186 - root - INFO - #############Testing has started###########
2024-05-03 21:19:53,634 - root - INFO - #############Testing has Finished###########
2024-05-03 21:20:25,819 - root - INFO - #############Testing has started###########
2024-05-03 21:22:12,265 - root - INFO - #############Testing has started###########
2024-05-03 21:23:22,188 - root - INFO - #############Testing has finished###########
2024-05-04 10:07:08,706 - root - INFO - #############Testing has started###########
2024-05-04 10:08:47,346 - root - INFO - #############Testing has started###########
2024-05-04 10:10:30,494 - root - INFO - #############Testing has started###########
2024-05-04 10:11:15,847 - root - INFO - #############Testing has started###########
2024-05-04 10:11:21,299 - root - INFO - #############Testing has started###########
2024-05-04 10:12:07,024 - root - INFO - #############Testing has Finished###########
2024-05-04 10:12:30,173 - root - INFO - #############Testing has finished###########
2024-05-04 10:13:31,770 - root - INFO - #############Testing has started###########
2024-05-04 10:15:21,697 - root - INFO - #############Testing has started###########
2024-05-04 10:16:35,275 - root - INFO - #############Testing has finished###########
2024-05-04 10:17:00,178 - root - INFO - #############Testing has started###########
2024-05-04 10:17:40,663 - root - INFO - #############Testing has started###########
2024-05-04 10:17:46,035 - root - INFO - #############Testing has started###########
2024-05-04 10:18:21,996 - root - INFO - #############Testing has Finished###########
2024-05-04 11:42:15,764 - root - INFO - #############Testing has started###########
2024-05-04 11:43:18,646 - root - INFO - #############Testing has started###########
2024-05-04 11:43:21,686 - root - INFO - #############Testing has started###########
2024-05-04 11:44:15,081 - root - INFO - #############Testing has Finished###########
2024-05-04 11:44:29,620 - root - INFO - #############Testing has started###########
2024-05-04 11:45:36,018 - root - INFO - #############Testing has finished###########
2024-05-04 22:35:36,136 - root - INFO - #############Testing has started###########
2024-05-04 22:36:39,349 - root - INFO - #############Testing has started###########
2024-05-04 22:36:42,229 - root - INFO - #############Testing has started###########
2024-05-04 22:37:31,994 - root - INFO - #############Testing has Finished###########
2024-05-04 22:37:48,405 - root - INFO - #############Testing has started###########
2024-05-04 22:39:10,558 - root - INFO - #############Testing has started###########
2024-05-04 22:40:21,182 - root - INFO - #############Testing has finished###########
2024-05-04 22:40:45,540 - root - INFO - #############Testing has started###########
2024-05-04 22:41:29,376 - root - INFO - #############Testing has started###########
2024-05-04 22:41:34,487 - root - INFO - #############Testing has started###########
2024-05-04 22:42:19,324 - root - INFO - #############Testing has Finished###########
2024-05-05 13:49:36,133 - root - INFO - #############Testing has started###########
2024-05-05 13:50:17,917 - root - INFO - #############Testing has started###########
2024-05-05 13:50:55,573 - root - INFO - #############Testing has Finished###########
2024-05-05 13:51:19,290 - root - INFO - #############Testing has started###########
2024-05-05 13:52:03,210 - root - INFO - #############Testing has started###########
2024-05-05 13:52:08,328 - root - INFO - #############Testing has started###########
2024-05-05 13:52:49,107 - root - INFO - #############Testing has Finished###########
2024-05-05 13:53:09,235 - root - INFO - #############Testing has started###########
2024-05-05 13:54:51,957 - root - INFO - #############Testing has started###########
2024-05-05 13:56:07,224 - root - INFO - #############Testing has finished###########
2024-05-05 13:56:57,767 - root - INFO - #############Testing has started###########
2024-05-05 13:58:11,114 - root - INFO - #############Testing has finished###########
2024-05-05 22:17:07,385 - root - INFO - #############Testing has started###########
2024-05-05 22:18:02,100 - root - INFO - #############Testing has started###########
2024-05-05 22:18:05,001 - root - INFO - #############Testing has started###########
2024-05-05 22:18:46,474 - root - INFO - #############Testing has Finished###########
2024-05-05 22:19:03,062 - root - INFO - #############Testing has started###########
2024-05-05 22:21:00,649 - root - INFO - #############Testing has started###########
2024-05-05 22:22:25,430 - root - INFO - #############Testing has started###########
2024-05-05 22:24:13,094 - root - INFO - #############Testing has started###########
2024-05-05 22:25:50,557 - root - INFO - #############Testing has started###########
2024-05-05 22:28:17,135 - root - INFO - #############Testing has started###########
2024-05-05 22:31:15,357 - root - INFO - #############Testing has started###########
2024-05-05 22:31:20,704 - root - INFO - #############Testing has started###########
2024-05-05 22:33:21,833 - root - INFO - #############Testing has started###########
2024-05-05 22:34:03,099 - root - INFO - #############Testing has started###########
2024-05-05 22:35:11,142 - root - INFO - #############Testing has started###########
2024-05-06 08:32:27,839 - root - INFO - #############Testing has started###########
2024-05-06 08:33:19,090 - root - INFO - #############Testing has started###########
2024-05-06 08:33:21,725 - root - INFO - #############Testing has started###########
2024-05-06 08:34:04,396 - root - INFO - #############Testing has Finished###########
2024-05-06 08:34:18,917 - root - INFO - #############Testing has started###########
2024-05-06 08:36:06,005 - root - INFO - #############Testing has started###########
2024-05-06 08:37:32,094 - root - INFO - #############Testing has started###########
2024-05-06 08:39:04,894 - root - INFO - #############Testing has finished###########
2024-05-06 20:31:12,401 - root - INFO - #############Testing has started###########
2024-05-06 20:32:07,401 - root - INFO - #############Testing has started###########
2024-05-06 20:32:10,479 - root - INFO - #############Testing has started###########
2024-05-06 20:33:02,186 - root - INFO - #############Testing has Finished###########
2024-05-06 20:33:17,498 - root - INFO - #############Testing has started###########
2024-05-06 20:34:40,663 - root - INFO - #############Testing has started###########
2024-05-06 20:36:40,273 - root - INFO - #############Testing has started###########
2024-05-06 20:37:52,863 - root - INFO - #############Testing has started###########
2024-05-06 20:39:13,011 - root - INFO - #############Testing has started###########
2024-05-06 20:40:43,451 - root - INFO - #############Testing has finished###########
2024-05-07 09:14:56,298 - root - INFO - #############Testing has started###########
2024-05-07 09:15:37,130 - root - INFO - #############Testing has started###########
2024-05-07 09:15:41,276 - root - INFO - #############Testing has started###########
2024-05-07 09:16:14,235 - root - INFO - #############Testing has Finished###########
2024-05-07 10:48:25,235 - root - INFO - #############Testing has finished###########
2024-05-07 10:49:41,323 - root - INFO - #############Testing has finished###########
2024-05-07 10:50:56,497 - root - INFO - #############Testing has started###########
2024-05-07 10:51:36,705 - root - INFO - #############Testing has started###########
2024-05-07 10:51:42,352 - root - INFO - #############Testing has started###########
2024-05-07 11:33:43,792 - root - INFO - #############Testing has finished###########
2024-05-08 12:02:14,964 - root - INFO - #############Testing has finished###########
2024-05-08 12:03:38,759 - root - INFO - #############Testing has finished###########
2024-05-08 12:06:45,201 - root - INFO - #############Testing has started###########
2024-05-08 12:09:37,446 - root - INFO - #############Testing has started###########
2024-05-08 12:09:42,828 - root - INFO - #############Testing has started###########
2024-05-08 12:16:09,303 - root - INFO - #############Testing has started###########
2024-05-08 12:17:01,113 - root - INFO - #############Testing has started###########
2024-05-08 12:17:26,337 - root - INFO - #############Testing has started###########
2024-05-08 12:18:05,522 - root - INFO - #############Testing has started###########
2024-05-08 12:18:11,077 - root - INFO - #############Testing has started###########
2024-05-08 12:19:01,860 - root - INFO - #############Testing has Finished###########
2024-05-08 12:19:40,062 - root - INFO - #############Testing has finished###########
2024-05-08 12:21:30,720 - root - INFO - #############Testing has started###########
2024-05-10 19:37:34,443 - root - INFO - #############Testing has started###########
2024-05-10 19:38:24,743 - root - INFO - #############Testing has started###########
2024-05-10 19:38:28,096 - root - INFO - #############Testing has started###########
2024-05-10 19:39:09,574 - root - INFO - #############Testing has Finished###########
2024-05-10 19:48:56,610 - root - INFO - #############Testing has started###########
2024-05-10 19:49:47,156 - root - INFO - #############Testing has started###########
2024-05-10 19:49:53,073 - root - INFO - #############Testing has started###########
2024-05-10 19:50:33,341 - root - INFO - #############Testing has Finished###########
2024-05-10 19:55:06,700 - root - INFO - #############Testing has started###########
2024-05-10 19:55:57,039 - root - INFO - #############Testing has started###########
2024-05-10 19:56:03,186 - root - INFO - #############Testing has started###########
2024-05-10 19:57:23,970 - root - INFO - #############Testing has started###########
2024-05-10 19:58:30,547 - root - INFO - #############Testing has started###########
2024-05-10 19:59:07,158 - root - INFO - #############Testing has Finished###########
2024-05-10 19:59:25,516 - root - INFO - #############Testing has started###########
2024-05-10 20:00:01,333 - root - INFO - #############Testing has started###########
2024-05-10 20:00:06,373 - root - INFO - #############Testing has started###########
2024-05-10 20:02:38,966 - root - INFO - #############Testing has started###########
2024-05-10 20:03:15,943 - root - INFO - #############Testing has started###########
2024-05-10 20:04:07,119 - root - INFO - #############Testing has Finished###########
2024-05-11 21:46:16,290 - root - INFO - #############Testing has started###########
2024-05-11 21:47:20,655 - root - INFO - #############Testing has started###########
2024-05-11 21:47:23,666 - root - INFO - #############Testing has started###########
2024-05-11 21:48:19,179 - root - INFO - #############Testing has Finished###########
2024-05-14 17:28:19,492 - root - INFO - #############Testing has started###########
2024-05-14 17:29:10,253 - root - INFO - #############Testing has started###########
2024-05-14 17:29:14,023 - root - INFO - #############Testing has started###########
2024-05-14 17:29:57,229 - root - INFO - #############Testing has Finished###########
2024-05-19 19:41:03,389 - root - INFO - #############Testing has started###########
2024-05-19 19:42:20,319 - root - INFO - #############Testing has started###########
2024-05-19 19:42:24,243 - root - INFO - #############Testing has started###########
2024-05-19 19:43:17,168 - root - INFO - #############Testing has Finished###########
2024-05-19 20:15:07,651 - root - INFO - #############Testing has started###########
2024-05-19 20:16:14,561 - root - INFO - #############Testing has started###########
2024-05-19 20:16:18,386 - root - INFO - #############Testing has started###########
2024-05-19 20:16:49,717 - root - INFO - #############Testing has Finished###########
2024-05-29 09:21:28,940 - root - INFO - #############Testing has started###########
2024-05-29 09:25:47,409 - root - INFO - #############Testing has started###########
2024-05-29 09:25:50,379 - root - INFO - #############Testing has started###########
2024-05-29 09:27:37,682 - root - INFO - #############Testing has Finished###########
2024-05-30 14:11:24,306 - root - INFO - #############Testing has started###########
2024-05-30 14:12:12,680 - root - INFO - #############Testing has started###########
2024-05-30 14:12:15,457 - root - INFO - #############Testing has started###########
2024-05-30 14:13:02,509 - root - INFO - #############Testing has Finished###########
2024-05-30 20:59:42,677 - root - INFO - #############Testing has started###########
2024-05-30 21:00:47,323 - root - INFO - #############Testing has started###########
2024-05-30 21:00:51,073 - root - INFO - #############Testing has started###########
2024-06-07 13:39:43,000 - root - INFO - #############Testing has started###########
2024-06-07 13:41:12,880 - root - INFO - #############Testing has started###########
2024-06-07 13:41:15,999 - root - INFO - #############Testing has started###########
2024-06-07 13:41:45,878 - root - INFO - #############Testing has started###########
2024-06-07 13:42:34,950 - root - INFO - #############Testing has started###########
2024-06-07 13:42:40,842 - root - INFO - #############Testing has started###########
2024-06-07 13:43:27,755 - root - INFO - #############Testing has Finished###########
2024-06-17 10:40:45,454 - root - INFO - #############Testing has started###########
2024-06-17 10:41:39,501 - root - INFO - #############Testing has started###########
2024-06-17 10:41:42,969 - root - INFO - #############Testing has started###########
2024-06-17 10:42:30,508 - root - INFO - #############Testing has Finished###########
2024-07-03 11:40:14,591 - root - INFO - #############Testing has started###########
2024-07-03 11:42:32,232 - root - INFO - #############Testing has started###########
2024-07-03 11:43:14,079 - root - INFO - #############Testing has started###########
2024-07-03 11:44:31,153 - root - INFO - #############Testing has started###########
2024-07-03 11:44:37,094 - root - INFO - #############Testing has started###########
2024-07-03 11:45:38,075 - root - INFO - #############Testing has Finished###########
2024-07-04 13:15:29,160 - root - INFO - #############Testing has started###########
2024-07-04 13:16:27,084 - root - INFO - #############Testing has started###########
2024-07-04 13:16:29,736 - root - INFO - #############Testing has started###########
2024-07-04 13:17:14,844 - root - INFO - #############Testing has Finished###########
2024-07-13 19:59:47,708 - root - INFO - #############Testing has started###########
2024-07-13 20:01:03,175 - root - INFO - #############Testing has started###########
2024-07-13 20:01:06,536 - root - INFO - #############Testing has started###########
2024-07-13 20:02:24,960 - root - INFO - #############Testing has Finished###########
2024-07-17 17:40:02,758 - root - INFO - #############Testing has started###########
2024-07-17 17:40:59,160 - root - INFO - #############Testing has started###########
2024-07-17 17:41:02,133 - root - INFO - #############Testing has started###########
2024-07-17 17:41:49,736 - root - INFO - #############Testing has Finished###########
2024-07-17 17:59:04,476 - root - INFO - #############Testing has started###########
2024-07-17 17:59:58,246 - root - INFO - #############Testing has started###########
2024-07-17 18:00:01,306 - root - INFO - #############Testing has started###########
2024-07-17 18:00:48,305 - root - INFO - #############Testing has Finished###########
2024-08-01 20:36:08,566 - root - INFO - #############Testing has started###########
2024-08-01 20:36:17,049 - root - INFO - #############Testing has started###########
2024-08-01 20:37:08,795 - root - INFO - #############Testing has started###########
2024-08-01 20:37:42,682 - root - INFO - #############Testing has started###########
2024-08-01 20:37:48,500 - root - INFO - #############Testing has started###########
2024-08-01 20:38:11,434 - root - INFO - #############Testing has Finished###########
2024-08-09 10:08:10,044 - root - INFO - #############Testing has started###########
2024-08-09 10:08:21,177 - root - INFO - #############Testing has started###########
2024-08-09 10:09:23,107 - root - INFO - #############Testing has started###########
2024-08-09 10:09:53,740 - root - INFO - #############Testing has started###########
2024-08-09 10:09:59,036 - root - INFO - #############Testing has started###########
2024-08-09 10:10:22,877 - root - INFO - #############Testing has Finished###########
2024-08-09 10:12:30,988 - root - INFO - #############Testing has started###########
2024-08-09 10:13:06,796 - root - INFO - #############Testing has started###########
2024-08-09 10:13:09,824 - root - INFO - #############Testing has started###########
2024-08-09 10:13:39,027 - root - INFO - #############Testing has Finished###########
2024-09-08 20:42:52,573 - root - INFO - #############Testing has started###########
2024-09-08 20:45:33,297 - root - INFO - #############Testing has started###########
2024-09-08 20:45:36,666 - root - INFO - #############Testing has started###########
2024-09-08 20:47:50,389 - root - INFO - #############Testing has Finished###########
2024-09-25 10:21:27,625 - root - INFO - #############Testing has started###########
2024-09-25 10:22:58,509 - root - INFO - #############Testing has started###########
2024-09-25 10:24:16,422 - root - INFO - #############Testing has started###########
2024-09-25 10:25:07,267 - root - INFO - #############Testing has started###########
2024-09-25 10:25:12,976 - root - INFO - #############Testing has started###########
2024-09-25 10:26:23,943 - root - INFO - #############Testing has Finished###########
2025-03-31 18:52:04,838 - root - INFO - #############Testing has started###########
2025-03-31 18:53:08,490 - root - INFO - #############Testing has started###########
2025-03-31 18:53:51,304 - root - INFO - #############Testing has started###########
2025-03-31 18:55:15,907 - root - INFO - #############Testing has started###########
2025-03-31 19:18:55,697 - root - INFO - #############Testing has started###########
2025-04-01 00:02:15,393 - root - INFO - #############Testing has started###########
